<?xml version="1.0" encoding="UTF-8"?>
<testsuite name="org.boot.project.springboot.web.IndexControllerTest" tests="1" skipped="0" failures="0" errors="0" timestamp="2022-03-03T01:19:26" hostname="DESKTOP-M15RTTB" time="0.407">
  <properties/>
  <testcase name="mainpage_loading" classname="org.boot.project.springboot.web.IndexControllerTest" time="0.407"/>
  <system-out><![CDATA[10:19:19.259 [Test worker] DEBUG org.springframework.test.context.junit4.SpringJUnit4ClassRunner - SpringJUnit4ClassRunner constructor called with [class org.boot.project.springboot.web.IndexControllerTest]
10:19:19.266 [Test worker] DEBUG org.springframework.test.context.BootstrapUtils - Instantiating CacheAwareContextLoaderDelegate from class [org.springframework.test.context.cache.DefaultCacheAwareContextLoaderDelegate]
10:19:19.273 [Test worker] DEBUG org.springframework.test.context.BootstrapUtils - Instantiating BootstrapContext using constructor [public org.springframework.test.context.support.DefaultBootstrapContext(java.lang.Class,org.springframework.test.context.CacheAwareContextLoaderDelegate)]
10:19:19.289 [Test worker] DEBUG org.springframework.test.context.BootstrapUtils - Instantiating TestContextBootstrapper for test class [org.boot.project.springboot.web.IndexControllerTest] from class [org.springframework.boot.test.context.SpringBootTestContextBootstrapper]
10:19:19.300 [Test worker] INFO org.springframework.boot.test.context.SpringBootTestContextBootstrapper - Neither @ContextConfiguration nor @ContextHierarchy found for test class [org.boot.project.springboot.web.IndexControllerTest], using SpringBootContextLoader
10:19:19.304 [Test worker] DEBUG org.springframework.test.context.support.AbstractContextLoader - Did not detect default resource location for test class [org.boot.project.springboot.web.IndexControllerTest]: class path resource [org/boot/project/springboot/web/IndexControllerTest-context.xml] does not exist
10:19:19.305 [Test worker] DEBUG org.springframework.test.context.support.AbstractContextLoader - Did not detect default resource location for test class [org.boot.project.springboot.web.IndexControllerTest]: class path resource [org/boot/project/springboot/web/IndexControllerTestContext.groovy] does not exist
10:19:19.305 [Test worker] INFO org.springframework.test.context.support.AbstractContextLoader - Could not detect default resource locations for test class [org.boot.project.springboot.web.IndexControllerTest]: no resource found for suffixes {-context.xml, Context.groovy}.
10:19:19.306 [Test worker] INFO org.springframework.test.context.support.AnnotationConfigContextLoaderUtils - Could not detect default configuration classes for test class [org.boot.project.springboot.web.IndexControllerTest]: IndexControllerTest does not declare any static, non-private, non-final, nested classes annotated with @Configuration.
10:19:19.343 [Test worker] DEBUG org.springframework.test.context.support.ActiveProfilesUtils - Could not find an 'annotation declaring class' for annotation type [org.springframework.test.context.ActiveProfiles] and class [org.boot.project.springboot.web.IndexControllerTest]
10:19:19.453 [Test worker] DEBUG org.springframework.context.annotation.ClassPathScanningCandidateComponentProvider - Identified candidate component class: file [C:\Users\choih\Desktop\Spring-Boot\build\classes\java\main\org\boot\project\springboot\Application.class]
10:19:19.454 [Test worker] INFO org.springframework.boot.test.context.SpringBootTestContextBootstrapper - Found @SpringBootConfiguration org.boot.project.springboot.Application for test class org.boot.project.springboot.web.IndexControllerTest
10:19:19.570 [Test worker] DEBUG org.springframework.boot.test.context.SpringBootTestContextBootstrapper - @TestExecutionListeners is not present for class [org.boot.project.springboot.web.IndexControllerTest]: using defaults.
10:19:19.570 [Test worker] INFO org.springframework.boot.test.context.SpringBootTestContextBootstrapper - Loaded default TestExecutionListener class names from location [META-INF/spring.factories]: [org.springframework.security.test.context.support.WithSecurityContextTestExecutionListener, org.springframework.security.test.context.support.ReactorContextTestExecutionListener, org.springframework.boot.test.autoconfigure.restdocs.RestDocsTestExecutionListener, org.springframework.boot.test.autoconfigure.web.client.MockRestServiceServerResetTestExecutionListener, org.springframework.boot.test.autoconfigure.web.servlet.MockMvcPrintOnlyOnFailureTestExecutionListener, org.springframework.boot.test.autoconfigure.web.servlet.WebDriverTestExecutionListener, org.springframework.boot.test.mock.mockito.MockitoTestExecutionListener, org.springframework.boot.test.mock.mockito.ResetMocksTestExecutionListener, org.springframework.test.context.web.ServletTestExecutionListener, org.springframework.test.context.support.DirtiesContextBeforeModesTestExecutionListener, org.springframework.test.context.support.DependencyInjectionTestExecutionListener, org.springframework.test.context.support.DirtiesContextTestExecutionListener, org.springframework.test.context.transaction.TransactionalTestExecutionListener, org.springframework.test.context.jdbc.SqlScriptsTestExecutionListener]
10:19:19.596 [Test worker] INFO org.springframework.boot.test.context.SpringBootTestContextBootstrapper - Using TestExecutionListeners: [org.springframework.test.context.web.ServletTestExecutionListener@1b73be9f, org.springframework.test.context.support.DirtiesContextBeforeModesTestExecutionListener@628c4ac0, org.springframework.boot.test.mock.mockito.MockitoTestExecutionListener@7b84fcf8, org.springframework.boot.test.autoconfigure.SpringBootDependencyInjectionTestExecutionListener@30b19518, org.springframework.test.context.support.DirtiesContextTestExecutionListener@363042d7, org.springframework.test.context.transaction.TransactionalTestExecutionListener@366ac49b, org.springframework.test.context.jdbc.SqlScriptsTestExecutionListener@6ad59d92, org.springframework.security.test.context.support.WithSecurityContextTestExecutionListener@56f0cc85, org.springframework.security.test.context.support.ReactorContextTestExecutionListener@62e20a76, org.springframework.boot.test.autoconfigure.restdocs.RestDocsTestExecutionListener@2cc44ad, org.springframework.boot.test.autoconfigure.web.client.MockRestServiceServerResetTestExecutionListener@44b3606b, org.springframework.boot.test.autoconfigure.web.servlet.MockMvcPrintOnlyOnFailureTestExecutionListener@1477089c, org.springframework.boot.test.autoconfigure.web.servlet.WebDriverTestExecutionListener@663411de, org.springframework.boot.test.mock.mockito.ResetMocksTestExecutionListener@63dd899]
10:19:19.597 [Test worker] DEBUG org.springframework.test.annotation.ProfileValueUtils - Retrieved @ProfileValueSourceConfiguration [null] for test class [org.boot.project.springboot.web.IndexControllerTest]
10:19:19.600 [Test worker] DEBUG org.springframework.test.annotation.ProfileValueUtils - Retrieved ProfileValueSource type [class org.springframework.test.annotation.SystemProfileValueSource] for class [org.boot.project.springboot.web.IndexControllerTest]
10:19:19.601 [Test worker] DEBUG org.springframework.test.annotation.ProfileValueUtils - Retrieved @ProfileValueSourceConfiguration [null] for test class [org.boot.project.springboot.web.IndexControllerTest]
10:19:19.601 [Test worker] DEBUG org.springframework.test.annotation.ProfileValueUtils - Retrieved ProfileValueSource type [class org.springframework.test.annotation.SystemProfileValueSource] for class [org.boot.project.springboot.web.IndexControllerTest]
10:19:19.607 [Test worker] DEBUG org.springframework.test.context.support.AbstractDirtiesContextTestExecutionListener - Before test class: context [DefaultTestContext@3b00856b testClass = IndexControllerTest, testInstance = [null], testMethod = [null], testException = [null], mergedContextConfiguration = [WebMergedContextConfiguration@3016fd5e testClass = IndexControllerTest, locations = '{}', classes = '{class org.boot.project.springboot.Application}', contextInitializerClasses = '[]', activeProfiles = '{}', propertySourceLocations = '{}', propertySourceProperties = '{org.springframework.boot.test.context.SpringBootTestContextBootstrapper=true, server.port=0}', contextCustomizers = set[org.springframework.boot.test.autoconfigure.properties.PropertyMappingContextCustomizer@0, org.springframework.boot.test.autoconfigure.web.servlet.WebDriverContextCustomizerFactory$Customizer@16150369, org.springframework.boot.test.context.filter.ExcludeFilterContextCustomizer@34bde49d, org.springframework.boot.test.json.DuplicateJsonObjectContextCustomizerFactory$DuplicateJsonObjectContextCustomizer@6f43c82, org.springframework.boot.test.mock.mockito.MockitoContextCustomizer@0, org.springframework.boot.test.web.client.TestRestTemplateContextCustomizer@7dfd3c81], resourceBasePath = 'src/main/webapp', contextLoader = 'org.springframework.boot.test.context.SpringBootContextLoader', parent = [null]], attributes = map['org.springframework.test.context.web.ServletTestExecutionListener.activateListener' -> false]], class annotated with @DirtiesContext [false] with mode [null].
10:19:19.610 [Test worker] DEBUG org.springframework.test.annotation.ProfileValueUtils - Retrieved @ProfileValueSourceConfiguration [null] for test class [org.boot.project.springboot.web.IndexControllerTest]
10:19:19.610 [Test worker] DEBUG org.springframework.test.annotation.ProfileValueUtils - Retrieved ProfileValueSource type [class org.springframework.test.annotation.SystemProfileValueSource] for class [org.boot.project.springboot.web.IndexControllerTest]
10:19:19.616 [Test worker] DEBUG org.springframework.test.context.support.DependencyInjectionTestExecutionListener - Performing dependency injection for test context [[DefaultTestContext@3b00856b testClass = IndexControllerTest, testInstance = org.boot.project.springboot.web.IndexControllerTest@2002348, testMethod = [null], testException = [null], mergedContextConfiguration = [WebMergedContextConfiguration@3016fd5e testClass = IndexControllerTest, locations = '{}', classes = '{class org.boot.project.springboot.Application}', contextInitializerClasses = '[]', activeProfiles = '{}', propertySourceLocations = '{}', propertySourceProperties = '{org.springframework.boot.test.context.SpringBootTestContextBootstrapper=true, server.port=0}', contextCustomizers = set[org.springframework.boot.test.autoconfigure.properties.PropertyMappingContextCustomizer@0, org.springframework.boot.test.autoconfigure.web.servlet.WebDriverContextCustomizerFactory$Customizer@16150369, org.springframework.boot.test.context.filter.ExcludeFilterContextCustomizer@34bde49d, org.springframework.boot.test.json.DuplicateJsonObjectContextCustomizerFactory$DuplicateJsonObjectContextCustomizer@6f43c82, org.springframework.boot.test.mock.mockito.MockitoContextCustomizer@0, org.springframework.boot.test.web.client.TestRestTemplateContextCustomizer@7dfd3c81], resourceBasePath = 'src/main/webapp', contextLoader = 'org.springframework.boot.test.context.SpringBootContextLoader', parent = [null]], attributes = map['org.springframework.test.context.web.ServletTestExecutionListener.activateListener' -> false]]].
10:19:19.643 [Test worker] DEBUG org.springframework.test.context.support.TestPropertySourceUtils - Adding inlined properties to environment: {spring.jmx.enabled=false, org.springframework.boot.test.context.SpringBootTestContextBootstrapper=true, server.port=0}

  .   ____          _            __ _ _
 /\\ / ___'_ __ _ _(_)_ __  __ _ \ \ \ \
( ( )\___ | '_ | '_| | '_ \/ _` | \ \ \ \
 \\/  ___)| |_)| | | | | || (_| |  ) ) ) )
  '  |____| .__|_| |_|_| |_\__, | / / / /
 =========|_|==============|___/=/_/_/_/
 :: Spring Boot ::        (v2.1.9.RELEASE)

2022-03-03 10:19:19.952  INFO 2192 --- [    Test worker] o.b.p.s.web.IndexControllerTest          : Starting IndexControllerTest on DESKTOP-M15RTTB with PID 2192 (started by choih in C:\Users\choih\Desktop\Spring-Boot)
2022-03-03 10:19:19.953  INFO 2192 --- [    Test worker] o.b.p.s.web.IndexControllerTest          : The following profiles are active: oauth
2022-03-03 10:19:20.874  INFO 2192 --- [    Test worker] .s.d.r.c.RepositoryConfigurationDelegate : Bootstrapping Spring Data repositories in DEFAULT mode.
2022-03-03 10:19:21.064  INFO 2192 --- [    Test worker] .s.d.r.c.RepositoryConfigurationDelegate : Finished Spring Data repository scanning in 180ms. Found 2 repository interfaces.
2022-03-03 10:19:21.612  INFO 2192 --- [    Test worker] trationDelegate$BeanPostProcessorChecker : Bean 'org.springframework.transaction.annotation.ProxyTransactionManagementConfiguration' of type [org.springframework.transaction.annotation.ProxyTransactionManagementConfiguration$$EnhancerBySpringCGLIB$$fcc8f24] is not eligible for getting processed by all BeanPostProcessors (for example: not eligible for auto-proxying)
2022-03-03 10:19:22.023  INFO 2192 --- [    Test worker] o.s.b.w.embedded.tomcat.TomcatWebServer  : Tomcat initialized with port(s): 0 (http)
2022-03-03 10:19:22.054  INFO 2192 --- [    Test worker] o.apache.catalina.core.StandardService   : Starting service [Tomcat]
2022-03-03 10:19:22.054  INFO 2192 --- [    Test worker] org.apache.catalina.core.StandardEngine  : Starting Servlet engine: [Apache Tomcat/9.0.26]
2022-03-03 10:19:22.236  INFO 2192 --- [    Test worker] o.a.c.c.C.[Tomcat].[localhost].[/]       : Initializing Spring embedded WebApplicationContext
2022-03-03 10:19:22.237  INFO 2192 --- [    Test worker] o.s.web.context.ContextLoader            : Root WebApplicationContext: initialization completed in 2265 ms
2022-03-03 10:19:22.529  INFO 2192 --- [    Test worker] com.zaxxer.hikari.HikariDataSource       : HikariPool-1 - Starting...
2022-03-03 10:19:22.717  INFO 2192 --- [    Test worker] com.zaxxer.hikari.HikariDataSource       : HikariPool-1 - Start completed.
2022-03-03 10:19:22.842  INFO 2192 --- [    Test worker] o.hibernate.jpa.internal.util.LogHelper  : HHH000204: Processing PersistenceUnitInfo [
	name: default
	...]
2022-03-03 10:19:22.931  INFO 2192 --- [    Test worker] org.hibernate.Version                    : HHH000412: Hibernate Core {5.3.12.Final}
2022-03-03 10:19:22.933  INFO 2192 --- [    Test worker] org.hibernate.cfg.Environment            : HHH000206: hibernate.properties not found
2022-03-03 10:19:23.106  INFO 2192 --- [    Test worker] o.hibernate.annotations.common.Version   : HCANN000001: Hibernate Commons Annotations {5.0.4.Final}
2022-03-03 10:19:23.285  INFO 2192 --- [    Test worker] org.hibernate.dialect.Dialect            : HHH000400: Using dialect: org.hibernate.dialect.MySQL5InnoDBDialect
Hibernate: drop table if exists posts
Hibernate: drop table if exists user
Hibernate: create table posts (id bigint not null auto_increment, created_date datetime, modified_date datetime, author varchar(255), content TEXT not null, title varchar(500) not null, primary key (id)) engine=InnoDB
Hibernate: create table user (id bigint not null auto_increment, created_date datetime, modified_date datetime, email varchar(255) not null, name varchar(255) not null, picture varchar(255), role varchar(255) not null, primary key (id)) engine=InnoDB
2022-03-03 10:19:23.955  INFO 2192 --- [    Test worker] o.h.t.schema.internal.SchemaCreatorImpl  : HHH000476: Executing import script 'org.hibernate.tool.schema.internal.exec.ScriptSourceInputNonExistentImpl@aa794a3'
2022-03-03 10:19:23.957  INFO 2192 --- [    Test worker] j.LocalContainerEntityManagerFactoryBean : Initialized JPA EntityManagerFactory for persistence unit 'default'
2022-03-03 10:19:24.675  INFO 2192 --- [    Test worker] o.h.h.i.QueryTranslatorFactoryInitiator  : HHH000397: Using ASTQueryTranslatorFactory
2022-03-03 10:19:25.125  INFO 2192 --- [    Test worker] o.s.s.web.DefaultSecurityFilterChain     : Creating filter chain: any request, [org.springframework.security.web.context.request.async.WebAsyncManagerIntegrationFilter@4f6a5cc9, org.springframework.security.web.context.SecurityContextPersistenceFilter@5929059c, org.springframework.security.web.header.HeaderWriterFilter@7a6b214c, org.springframework.security.web.authentication.logout.LogoutFilter@e638553, org.springframework.security.oauth2.client.web.OAuth2AuthorizationRequestRedirectFilter@5f01361e, org.springframework.security.oauth2.client.web.OAuth2LoginAuthenticationFilter@3d2ff73a, org.springframework.security.web.authentication.ui.DefaultLoginPageGeneratingFilter@2f3d5cd, org.springframework.security.web.authentication.ui.DefaultLogoutPageGeneratingFilter@5d24703e, org.springframework.security.web.savedrequest.RequestCacheAwareFilter@188058fb, org.springframework.security.web.servletapi.SecurityContextHolderAwareRequestFilter@6705fb02, org.springframework.security.web.authentication.AnonymousAuthenticationFilter@4ef10d3b, org.springframework.security.web.session.SessionManagementFilter@65fa56f7, org.springframework.security.web.access.ExceptionTranslationFilter@1952ad9d, org.springframework.security.web.access.intercept.FilterSecurityInterceptor@16a15261]
2022-03-03 10:19:25.491  INFO 2192 --- [    Test worker] o.s.s.concurrent.ThreadPoolTaskExecutor  : Initializing ExecutorService 'applicationTaskExecutor'
2022-03-03 10:19:25.552  WARN 2192 --- [    Test worker] aWebConfiguration$JpaWebMvcConfiguration : spring.jpa.open-in-view is enabled by default. Therefore, database queries may be performed during view rendering. Explicitly configure spring.jpa.open-in-view to disable this warning
2022-03-03 10:19:25.602  INFO 2192 --- [    Test worker] o.s.b.a.w.s.WelcomePageHandlerMapping    : Adding welcome page template: index
2022-03-03 10:19:25.975  INFO 2192 --- [    Test worker] s.a.ScheduledAnnotationBeanPostProcessor : No TaskScheduler/ScheduledExecutorService bean found for scheduled processing
2022-03-03 10:19:26.000  INFO 2192 --- [    Test worker] o.s.b.w.embedded.tomcat.TomcatWebServer  : Tomcat started on port(s): 50917 (http) with context path ''
2022-03-03 10:19:26.003  INFO 2192 --- [    Test worker] o.b.p.s.web.IndexControllerTest          : Started IndexControllerTest in 6.357 seconds (JVM running for 7.46)
2022-03-03 10:19:26.216  INFO 2192 --- [o-auto-1-exec-1] o.a.c.c.C.[Tomcat].[localhost].[/]       : Initializing Spring DispatcherServlet 'dispatcherServlet'
2022-03-03 10:19:26.216  INFO 2192 --- [o-auto-1-exec-1] o.s.web.servlet.DispatcherServlet        : Initializing Servlet 'dispatcherServlet'
2022-03-03 10:19:26.232  INFO 2192 --- [o-auto-1-exec-1] o.s.web.servlet.DispatcherServlet        : Completed initialization in 16 ms
Hibernate: select posts0_.id as id1_0_, posts0_.created_date as created_2_0_, posts0_.modified_date as modified3_0_, posts0_.author as author4_0_, posts0_.content as content5_0_, posts0_.title as title6_0_ from posts posts0_ order by posts0_.id DESC
]]></system-out>
  <system-err><![CDATA[]]></system-err>
</testsuite>
