<?xml version="1.0" encoding="UTF-8"?>
<testsuite name="org.boot.project.springboot.web.dto.HelloResponseDtoTest" tests="1" skipped="0" failures="0" errors="0" timestamp="2022-02-17T05:30:43" hostname="DESKTOP-Q478VGL" time="0.058">
  <properties/>
  <testcase name="lombok_test" classname="org.boot.project.springboot.web.dto.HelloResponseDtoTest" time="0.058"/>
  <system-out><![CDATA[]]></system-out>
  <system-err><![CDATA[]]></system-err>
</testsuite>
