<?xml version="1.0" encoding="UTF-8"?>
<testsuite name="org.boot.project.springboot.web.PostsApiControllerTest" tests="2" skipped="0" failures="0" errors="0" timestamp="2022-03-03T01:19:29" hostname="DESKTOP-M15RTTB" time="0.102">
  <properties/>
  <testcase name="update_posts" classname="org.boot.project.springboot.web.PostsApiControllerTest" time="0.084"/>
  <testcase name="add_posts" classname="org.boot.project.springboot.web.PostsApiControllerTest" time="0.017"/>
  <system-out><![CDATA[2022-03-03 10:19:29.874  INFO 2192 --- [    Test worker] .b.t.c.SpringBootTestContextBootstrapper : Neither @ContextConfiguration nor @ContextHierarchy found for test class [org.boot.project.springboot.web.PostsApiControllerTest], using SpringBootContextLoader
2022-03-03 10:19:29.875  INFO 2192 --- [    Test worker] o.s.t.c.support.AbstractContextLoader    : Could not detect default resource locations for test class [org.boot.project.springboot.web.PostsApiControllerTest]: no resource found for suffixes {-context.xml, Context.groovy}.
2022-03-03 10:19:29.876  INFO 2192 --- [    Test worker] t.c.s.AnnotationConfigContextLoaderUtils : Could not detect default configuration classes for test class [org.boot.project.springboot.web.PostsApiControllerTest]: PostsApiControllerTest does not declare any static, non-private, non-final, nested classes annotated with @Configuration.
2022-03-03 10:19:29.877  INFO 2192 --- [    Test worker] .b.t.c.SpringBootTestContextBootstrapper : Found @SpringBootConfiguration org.boot.project.springboot.Application for test class org.boot.project.springboot.web.PostsApiControllerTest
2022-03-03 10:19:29.879  INFO 2192 --- [    Test worker] .b.t.c.SpringBootTestContextBootstrapper : Loaded default TestExecutionListener class names from location [META-INF/spring.factories]: [org.springframework.security.test.context.support.WithSecurityContextTestExecutionListener, org.springframework.security.test.context.support.ReactorContextTestExecutionListener, org.springframework.boot.test.autoconfigure.restdocs.RestDocsTestExecutionListener, org.springframework.boot.test.autoconfigure.web.client.MockRestServiceServerResetTestExecutionListener, org.springframework.boot.test.autoconfigure.web.servlet.MockMvcPrintOnlyOnFailureTestExecutionListener, org.springframework.boot.test.autoconfigure.web.servlet.WebDriverTestExecutionListener, org.springframework.boot.test.mock.mockito.MockitoTestExecutionListener, org.springframework.boot.test.mock.mockito.ResetMocksTestExecutionListener, org.springframework.test.context.web.ServletTestExecutionListener, org.springframework.test.context.support.DirtiesContextBeforeModesTestExecutionListener, org.springframework.test.context.support.DependencyInjectionTestExecutionListener, org.springframework.test.context.support.DirtiesContextTestExecutionListener, org.springframework.test.context.transaction.TransactionalTestExecutionListener, org.springframework.test.context.jdbc.SqlScriptsTestExecutionListener]
2022-03-03 10:19:29.879  INFO 2192 --- [    Test worker] .b.t.c.SpringBootTestContextBootstrapper : Using TestExecutionListeners: [org.springframework.test.context.web.ServletTestExecutionListener@6deb2b19, org.springframework.test.context.support.DirtiesContextBeforeModesTestExecutionListener@6d86d1ad, org.springframework.boot.test.mock.mockito.MockitoTestExecutionListener@780e6b63, org.springframework.boot.test.autoconfigure.SpringBootDependencyInjectionTestExecutionListener@51b1732d, org.springframework.test.context.support.DirtiesContextTestExecutionListener@65b639e1, org.springframework.test.context.transaction.TransactionalTestExecutionListener@3e668743, org.springframework.test.context.jdbc.SqlScriptsTestExecutionListener@35b8b69f, org.springframework.security.test.context.support.WithSecurityContextTestExecutionListener@6fca831e, org.springframework.security.test.context.support.ReactorContextTestExecutionListener@3b67c637, org.springframework.boot.test.autoconfigure.restdocs.RestDocsTestExecutionListener@31b11287, org.springframework.boot.test.autoconfigure.web.client.MockRestServiceServerResetTestExecutionListener@414d5660, org.springframework.boot.test.autoconfigure.web.servlet.MockMvcPrintOnlyOnFailureTestExecutionListener@7aa4ef24, org.springframework.boot.test.autoconfigure.web.servlet.WebDriverTestExecutionListener@7f77d839, org.springframework.boot.test.mock.mockito.ResetMocksTestExecutionListener@46ebd87a]
2022-03-03 10:19:29.887  INFO 2192 --- [    Test worker] o.a.c.c.C.[Tomcat].[localhost].[/]       : Initializing Spring TestDispatcherServlet ''
2022-03-03 10:19:29.887  INFO 2192 --- [    Test worker] o.s.t.web.servlet.TestDispatcherServlet  : Initializing Servlet ''
2022-03-03 10:19:29.890  INFO 2192 --- [    Test worker] o.s.t.web.servlet.TestDispatcherServlet  : Completed initialization in 3 ms
Hibernate: insert into posts (created_date, modified_date, author, content, title) values (?, ?, ?, ?, ?)
Hibernate: select posts0_.id as id1_0_0_, posts0_.created_date as created_2_0_0_, posts0_.modified_date as modified3_0_0_, posts0_.author as author4_0_0_, posts0_.content as content5_0_0_, posts0_.title as title6_0_0_ from posts posts0_ where posts0_.id=?
Hibernate: update posts set created_date=?, modified_date=?, author=?, content=?, title=? where id=?
Hibernate: select posts0_.id as id1_0_, posts0_.created_date as created_2_0_, posts0_.modified_date as modified3_0_, posts0_.author as author4_0_, posts0_.content as content5_0_, posts0_.title as title6_0_ from posts posts0_
Hibernate: select posts0_.id as id1_0_, posts0_.created_date as created_2_0_, posts0_.modified_date as modified3_0_, posts0_.author as author4_0_, posts0_.content as content5_0_, posts0_.title as title6_0_ from posts posts0_
Hibernate: delete from posts where id=?
2022-03-03 10:19:29.969  INFO 2192 --- [    Test worker] o.a.c.c.C.[Tomcat].[localhost].[/]       : Initializing Spring TestDispatcherServlet ''
2022-03-03 10:19:29.969  INFO 2192 --- [    Test worker] o.s.t.web.servlet.TestDispatcherServlet  : Initializing Servlet ''
2022-03-03 10:19:29.971  INFO 2192 --- [    Test worker] o.s.t.web.servlet.TestDispatcherServlet  : Completed initialization in 2 ms
Hibernate: insert into posts (created_date, modified_date, author, content, title) values (?, ?, ?, ?, ?)
Hibernate: select posts0_.id as id1_0_, posts0_.created_date as created_2_0_, posts0_.modified_date as modified3_0_, posts0_.author as author4_0_, posts0_.content as content5_0_, posts0_.title as title6_0_ from posts posts0_
Hibernate: select posts0_.id as id1_0_, posts0_.created_date as created_2_0_, posts0_.modified_date as modified3_0_, posts0_.author as author4_0_, posts0_.content as content5_0_, posts0_.title as title6_0_ from posts posts0_
Hibernate: delete from posts where id=?
]]></system-out>
  <system-err><![CDATA[]]></system-err>
</testsuite>
