<?xml version="1.0" encoding="UTF-8"?>
<testsuite name="org.boot.project.springboot.web.HelloControllerTest" tests="2" skipped="0" failures="0" errors="0" timestamp="2022-03-03T01:19:29" hostname="DESKTOP-M15RTTB" time="0.128">
  <properties/>
  <testcase name="hello_test" classname="org.boot.project.springboot.web.HelloControllerTest" time="0.039"/>
  <testcase name="helloDto_test" classname="org.boot.project.springboot.web.HelloControllerTest" time="0.088"/>
  <system-out><![CDATA[2022-03-03 10:19:28.661  INFO 2192 --- [    Test worker] .b.t.a.w.s.WebMvcTestContextBootstrapper : Neither @ContextConfiguration nor @ContextHierarchy found for test class [org.boot.project.springboot.web.HelloControllerTest], using SpringBootContextLoader
2022-03-03 10:19:28.663  INFO 2192 --- [    Test worker] o.s.t.c.support.AbstractContextLoader    : Could not detect default resource locations for test class [org.boot.project.springboot.web.HelloControllerTest]: no resource found for suffixes {-context.xml, Context.groovy}.
2022-03-03 10:19:28.663  INFO 2192 --- [    Test worker] t.c.s.AnnotationConfigContextLoaderUtils : Could not detect default configuration classes for test class [org.boot.project.springboot.web.HelloControllerTest]: HelloControllerTest does not declare any static, non-private, non-final, nested classes annotated with @Configuration.
2022-03-03 10:19:28.684  INFO 2192 --- [    Test worker] .b.t.c.SpringBootTestContextBootstrapper : Found @SpringBootConfiguration org.boot.project.springboot.Application for test class org.boot.project.springboot.web.HelloControllerTest
2022-03-03 10:19:28.685  INFO 2192 --- [    Test worker] .b.t.a.w.s.WebMvcTestContextBootstrapper : Loaded default TestExecutionListener class names from location [META-INF/spring.factories]: [org.springframework.security.test.context.support.WithSecurityContextTestExecutionListener, org.springframework.security.test.context.support.ReactorContextTestExecutionListener, org.springframework.boot.test.autoconfigure.restdocs.RestDocsTestExecutionListener, org.springframework.boot.test.autoconfigure.web.client.MockRestServiceServerResetTestExecutionListener, org.springframework.boot.test.autoconfigure.web.servlet.MockMvcPrintOnlyOnFailureTestExecutionListener, org.springframework.boot.test.autoconfigure.web.servlet.WebDriverTestExecutionListener, org.springframework.boot.test.mock.mockito.MockitoTestExecutionListener, org.springframework.boot.test.mock.mockito.ResetMocksTestExecutionListener, org.springframework.test.context.web.ServletTestExecutionListener, org.springframework.test.context.support.DirtiesContextBeforeModesTestExecutionListener, org.springframework.test.context.support.DependencyInjectionTestExecutionListener, org.springframework.test.context.support.DirtiesContextTestExecutionListener, org.springframework.test.context.transaction.TransactionalTestExecutionListener, org.springframework.test.context.jdbc.SqlScriptsTestExecutionListener]
2022-03-03 10:19:28.685  INFO 2192 --- [    Test worker] .b.t.a.w.s.WebMvcTestContextBootstrapper : Using TestExecutionListeners: [org.springframework.test.context.web.ServletTestExecutionListener@300b839c, org.springframework.test.context.support.DirtiesContextBeforeModesTestExecutionListener@352288bc, org.springframework.boot.test.mock.mockito.MockitoTestExecutionListener@33acec5e, org.springframework.boot.test.autoconfigure.SpringBootDependencyInjectionTestExecutionListener@6edd8d56, org.springframework.test.context.support.DirtiesContextTestExecutionListener@226f472, org.springframework.test.context.transaction.TransactionalTestExecutionListener@2360ebe2, org.springframework.test.context.jdbc.SqlScriptsTestExecutionListener@77fa2dcc, org.springframework.security.test.context.support.WithSecurityContextTestExecutionListener@75cfb958, org.springframework.security.test.context.support.ReactorContextTestExecutionListener@40ff56f7, org.springframework.boot.test.autoconfigure.restdocs.RestDocsTestExecutionListener@64648af1, org.springframework.boot.test.autoconfigure.web.client.MockRestServiceServerResetTestExecutionListener@42d65ffc, org.springframework.boot.test.autoconfigure.web.servlet.MockMvcPrintOnlyOnFailureTestExecutionListener@4adb2b87, org.springframework.boot.test.autoconfigure.web.servlet.WebDriverTestExecutionListener@70a984c5, org.springframework.boot.test.mock.mockito.ResetMocksTestExecutionListener@30dabb23]

  .   ____          _            __ _ _
 /\\ / ___'_ __ _ _(_)_ __  __ _ \ \ \ \
( ( )\___ | '_ | '_| | '_ \/ _` | \ \ \ \
 \\/  ___)| |_)| | | | | || (_| |  ) ) ) )
  '  |____| .__|_| |_|_| |_\__, | / / / /
 =========|_|==============|___/=/_/_/_/
 :: Spring Boot ::        (v2.1.9.RELEASE)

2022-03-03 10:19:28.732  INFO 2192 --- [    Test worker] o.b.p.s.web.HelloControllerTest          : Starting HelloControllerTest on DESKTOP-M15RTTB with PID 2192 (started by choih in C:\Users\choih\Desktop\Spring-Boot)
2022-03-03 10:19:28.732  INFO 2192 --- [    Test worker] o.b.p.s.web.HelloControllerTest          : The following profiles are active: oauth
2022-03-03 10:19:29.299  INFO 2192 --- [    Test worker] o.s.s.concurrent.ThreadPoolTaskExecutor  : Initializing ExecutorService 'applicationTaskExecutor'
2022-03-03 10:19:29.337  INFO 2192 --- [    Test worker] o.s.b.a.w.s.WelcomePageHandlerMapping    : Adding welcome page template: index
2022-03-03 10:19:29.542  INFO 2192 --- [    Test worker] .s.s.UserDetailsServiceAutoConfiguration : 

Using generated security password: f472a8b4-1abc-46c3-81cc-2145e64f733f

2022-03-03 10:19:29.676  INFO 2192 --- [    Test worker] o.s.s.web.DefaultSecurityFilterChain     : Creating filter chain: any request, [org.springframework.security.web.context.request.async.WebAsyncManagerIntegrationFilter@12418d3f, org.springframework.security.web.context.SecurityContextPersistenceFilter@21132086, org.springframework.security.web.header.HeaderWriterFilter@5d4a1d2c, org.springframework.security.web.csrf.CsrfFilter@6da6c10e, org.springframework.security.web.authentication.logout.LogoutFilter@45dbbb97, org.springframework.security.web.authentication.UsernamePasswordAuthenticationFilter@97842a0, org.springframework.security.web.authentication.ui.DefaultLoginPageGeneratingFilter@7d90d4c6, org.springframework.security.web.authentication.ui.DefaultLogoutPageGeneratingFilter@2258228f, org.springframework.security.web.authentication.www.BasicAuthenticationFilter@1dcfbad1, org.springframework.security.web.savedrequest.RequestCacheAwareFilter@e36a4c1, org.springframework.security.web.servletapi.SecurityContextHolderAwareRequestFilter@3986b56, org.springframework.security.web.authentication.AnonymousAuthenticationFilter@42210d27, org.springframework.security.web.session.SessionManagementFilter@63f093a, org.springframework.security.web.access.ExceptionTranslationFilter@6419726f, org.springframework.security.web.access.intercept.FilterSecurityInterceptor@36c763cd]
2022-03-03 10:19:29.698  INFO 2192 --- [    Test worker] o.s.b.t.m.w.SpringBootMockServletContext : Initializing Spring TestDispatcherServlet ''
2022-03-03 10:19:29.698  INFO 2192 --- [    Test worker] o.s.t.web.servlet.TestDispatcherServlet  : Initializing Servlet ''
2022-03-03 10:19:29.707  INFO 2192 --- [    Test worker] o.s.t.web.servlet.TestDispatcherServlet  : Completed initialization in 9 ms
2022-03-03 10:19:29.739  INFO 2192 --- [    Test worker] o.b.p.s.web.HelloControllerTest          : Started HelloControllerTest in 1.051 seconds (JVM running for 11.196)
]]></system-out>
  <system-err><![CDATA[]]></system-err>
</testsuite>
