<?xml version="1.0" encoding="UTF-8"?>
<testsuite name="org.boot.project.springboot.domain.posts.PostsRepositoryTest" tests="2" skipped="0" failures="0" errors="0" timestamp="2022-03-03T01:19:28" hostname="DESKTOP-M15RTTB" time="0.15">
  <properties/>
  <testcase name="add_BaseTimeEntity" classname="org.boot.project.springboot.domain.posts.PostsRepositoryTest" time="0.137"/>
  <testcase name="save_load" classname="org.boot.project.springboot.domain.posts.PostsRepositoryTest" time="0.012"/>
  <system-out><![CDATA[2022-03-03 10:19:26.421  INFO 2192 --- [    Test worker] .b.t.c.SpringBootTestContextBootstrapper : Neither @ContextConfiguration nor @ContextHierarchy found for test class [org.boot.project.springboot.domain.posts.PostsRepositoryTest], using SpringBootContextLoader
2022-03-03 10:19:26.422  INFO 2192 --- [    Test worker] o.s.t.c.support.AbstractContextLoader    : Could not detect default resource locations for test class [org.boot.project.springboot.domain.posts.PostsRepositoryTest]: no resource found for suffixes {-context.xml, Context.groovy}.
2022-03-03 10:19:26.422  INFO 2192 --- [    Test worker] t.c.s.AnnotationConfigContextLoaderUtils : Could not detect default configuration classes for test class [org.boot.project.springboot.domain.posts.PostsRepositoryTest]: PostsRepositoryTest does not declare any static, non-private, non-final, nested classes annotated with @Configuration.
2022-03-03 10:19:26.445  INFO 2192 --- [    Test worker] .b.t.c.SpringBootTestContextBootstrapper : Found @SpringBootConfiguration org.boot.project.springboot.Application for test class org.boot.project.springboot.domain.posts.PostsRepositoryTest
2022-03-03 10:19:26.448  INFO 2192 --- [    Test worker] .b.t.c.SpringBootTestContextBootstrapper : Loaded default TestExecutionListener class names from location [META-INF/spring.factories]: [org.springframework.security.test.context.support.WithSecurityContextTestExecutionListener, org.springframework.security.test.context.support.ReactorContextTestExecutionListener, org.springframework.boot.test.autoconfigure.restdocs.RestDocsTestExecutionListener, org.springframework.boot.test.autoconfigure.web.client.MockRestServiceServerResetTestExecutionListener, org.springframework.boot.test.autoconfigure.web.servlet.MockMvcPrintOnlyOnFailureTestExecutionListener, org.springframework.boot.test.autoconfigure.web.servlet.WebDriverTestExecutionListener, org.springframework.boot.test.mock.mockito.MockitoTestExecutionListener, org.springframework.boot.test.mock.mockito.ResetMocksTestExecutionListener, org.springframework.test.context.web.ServletTestExecutionListener, org.springframework.test.context.support.DirtiesContextBeforeModesTestExecutionListener, org.springframework.test.context.support.DependencyInjectionTestExecutionListener, org.springframework.test.context.support.DirtiesContextTestExecutionListener, org.springframework.test.context.transaction.TransactionalTestExecutionListener, org.springframework.test.context.jdbc.SqlScriptsTestExecutionListener]
2022-03-03 10:19:26.449  INFO 2192 --- [    Test worker] .b.t.c.SpringBootTestContextBootstrapper : Using TestExecutionListeners: [org.springframework.test.context.web.ServletTestExecutionListener@2eea0775, org.springframework.test.context.support.DirtiesContextBeforeModesTestExecutionListener@495a9305, org.springframework.boot.test.mock.mockito.MockitoTestExecutionListener@6a0a0f12, org.springframework.boot.test.autoconfigure.SpringBootDependencyInjectionTestExecutionListener@b6fea12, org.springframework.test.context.support.DirtiesContextTestExecutionListener@75c095a5, org.springframework.test.context.transaction.TransactionalTestExecutionListener@689fe2a3, org.springframework.test.context.jdbc.SqlScriptsTestExecutionListener@5257123d, org.springframework.security.test.context.support.WithSecurityContextTestExecutionListener@261c5d1f, org.springframework.security.test.context.support.ReactorContextTestExecutionListener@570089c4, org.springframework.boot.test.autoconfigure.restdocs.RestDocsTestExecutionListener@409df37d, org.springframework.boot.test.autoconfigure.web.client.MockRestServiceServerResetTestExecutionListener@2ab1c7a9, org.springframework.boot.test.autoconfigure.web.servlet.MockMvcPrintOnlyOnFailureTestExecutionListener@6e818345, org.springframework.boot.test.autoconfigure.web.servlet.WebDriverTestExecutionListener@3d9c69f8, org.springframework.boot.test.mock.mockito.ResetMocksTestExecutionListener@1235732d]

  .   ____          _            __ _ _
 /\\ / ___'_ __ _ _(_)_ __  __ _ \ \ \ \
( ( )\___ | '_ | '_| | '_ \/ _` | \ \ \ \
 \\/  ___)| |_)| | | | | || (_| |  ) ) ) )
  '  |____| .__|_| |_|_| |_\__, | / / / /
 =========|_|==============|___/=/_/_/_/
 :: Spring Boot ::        (v2.1.9.RELEASE)

2022-03-03 10:19:26.506  INFO 2192 --- [    Test worker] o.b.p.s.d.posts.PostsRepositoryTest      : Starting PostsRepositoryTest on DESKTOP-M15RTTB with PID 2192 (started by choih in C:\Users\choih\Desktop\Spring-Boot)
2022-03-03 10:19:26.506  INFO 2192 --- [    Test worker] o.b.p.s.d.posts.PostsRepositoryTest      : The following profiles are active: oauth
2022-03-03 10:19:26.822  INFO 2192 --- [    Test worker] .s.d.r.c.RepositoryConfigurationDelegate : Bootstrapping Spring Data repositories in DEFAULT mode.
2022-03-03 10:19:26.876  INFO 2192 --- [    Test worker] .s.d.r.c.RepositoryConfigurationDelegate : Finished Spring Data repository scanning in 54ms. Found 2 repository interfaces.
2022-03-03 10:19:26.975  INFO 2192 --- [    Test worker] trationDelegate$BeanPostProcessorChecker : Bean 'org.springframework.transaction.annotation.ProxyTransactionManagementConfiguration' of type [org.springframework.transaction.annotation.ProxyTransactionManagementConfiguration$$EnhancerBySpringCGLIB$$fcc8f24] is not eligible for getting processed by all BeanPostProcessors (for example: not eligible for auto-proxying)
2022-03-03 10:19:27.077  INFO 2192 --- [    Test worker] com.zaxxer.hikari.HikariDataSource       : HikariPool-2 - Starting...
2022-03-03 10:19:27.087  INFO 2192 --- [    Test worker] com.zaxxer.hikari.HikariDataSource       : HikariPool-2 - Start completed.
2022-03-03 10:19:27.127  INFO 2192 --- [    Test worker] o.hibernate.jpa.internal.util.LogHelper  : HHH000204: Processing PersistenceUnitInfo [
	name: default
	...]
2022-03-03 10:19:27.150  INFO 2192 --- [    Test worker] org.hibernate.dialect.Dialect            : HHH000400: Using dialect: org.hibernate.dialect.MySQL5InnoDBDialect
Hibernate: drop table if exists posts
Hibernate: drop table if exists user
Hibernate: create table posts (id bigint not null auto_increment, created_date datetime, modified_date datetime, author varchar(255), content TEXT not null, title varchar(500) not null, primary key (id)) engine=InnoDB
Hibernate: create table user (id bigint not null auto_increment, created_date datetime, modified_date datetime, email varchar(255) not null, name varchar(255) not null, picture varchar(255), role varchar(255) not null, primary key (id)) engine=InnoDB
2022-03-03 10:19:27.212  INFO 2192 --- [    Test worker] o.h.t.schema.internal.SchemaCreatorImpl  : HHH000476: Executing import script 'org.hibernate.tool.schema.internal.exec.ScriptSourceInputNonExistentImpl@aa794a3'
2022-03-03 10:19:27.213  INFO 2192 --- [    Test worker] j.LocalContainerEntityManagerFactoryBean : Initialized JPA EntityManagerFactory for persistence unit 'default'
2022-03-03 10:19:27.441  INFO 2192 --- [    Test worker] o.h.h.i.QueryTranslatorFactoryInitiator  : HHH000397: Using ASTQueryTranslatorFactory
2022-03-03 10:19:27.626  INFO 2192 --- [    Test worker] o.s.s.web.DefaultSecurityFilterChain     : Creating filter chain: any request, [org.springframework.security.web.context.request.async.WebAsyncManagerIntegrationFilter@5c6ee543, org.springframework.security.web.context.SecurityContextPersistenceFilter@638b05fb, org.springframework.security.web.header.HeaderWriterFilter@31e5d408, org.springframework.security.web.authentication.logout.LogoutFilter@51f412e6, org.springframework.security.oauth2.client.web.OAuth2AuthorizationRequestRedirectFilter@68312b85, org.springframework.security.oauth2.client.web.OAuth2LoginAuthenticationFilter@5ab0168, org.springframework.security.web.authentication.ui.DefaultLoginPageGeneratingFilter@6aeb769d, org.springframework.security.web.authentication.ui.DefaultLogoutPageGeneratingFilter@7594d189, org.springframework.security.web.savedrequest.RequestCacheAwareFilter@77e42cbf, org.springframework.security.web.servletapi.SecurityContextHolderAwareRequestFilter@68bef3df, org.springframework.security.web.authentication.AnonymousAuthenticationFilter@1418a1bd, org.springframework.security.web.session.SessionManagementFilter@7aaf0f0a, org.springframework.security.web.access.ExceptionTranslationFilter@744c16fb, org.springframework.security.web.access.intercept.FilterSecurityInterceptor@38f2342b]
2022-03-03 10:19:28.015  INFO 2192 --- [    Test worker] o.s.s.concurrent.ThreadPoolTaskExecutor  : Initializing ExecutorService 'applicationTaskExecutor'
2022-03-03 10:19:28.033  WARN 2192 --- [    Test worker] aWebConfiguration$JpaWebMvcConfiguration : spring.jpa.open-in-view is enabled by default. Therefore, database queries may be performed during view rendering. Explicitly configure spring.jpa.open-in-view to disable this warning
2022-03-03 10:19:28.070  INFO 2192 --- [    Test worker] o.s.b.a.w.s.WelcomePageHandlerMapping    : Adding welcome page template: index
2022-03-03 10:19:28.483  INFO 2192 --- [    Test worker] s.a.ScheduledAnnotationBeanPostProcessor : No TaskScheduler/ScheduledExecutorService bean found for scheduled processing
2022-03-03 10:19:28.486  INFO 2192 --- [    Test worker] o.b.p.s.d.posts.PostsRepositoryTest      : Started PostsRepositoryTest in 2.028 seconds (JVM running for 9.943)
Hibernate: insert into posts (created_date, modified_date, author, content, title) values (?, ?, ?, ?, ?)
Hibernate: select posts0_.id as id1_0_, posts0_.created_date as created_2_0_, posts0_.modified_date as modified3_0_, posts0_.author as author4_0_, posts0_.content as content5_0_, posts0_.title as title6_0_ from posts posts0_
>>>>>>>>> createDate=2022-03-03T10:19:28.546609, modifiedDate=2022-03-03T10:19:28.546609
Hibernate: select posts0_.id as id1_0_, posts0_.created_date as created_2_0_, posts0_.modified_date as modified3_0_, posts0_.author as author4_0_, posts0_.content as content5_0_, posts0_.title as title6_0_ from posts posts0_
Hibernate: delete from posts where id=?
Hibernate: insert into posts (created_date, modified_date, author, content, title) values (?, ?, ?, ?, ?)
Hibernate: select posts0_.id as id1_0_, posts0_.created_date as created_2_0_, posts0_.modified_date as modified3_0_, posts0_.author as author4_0_, posts0_.content as content5_0_, posts0_.title as title6_0_ from posts posts0_
Hibernate: select posts0_.id as id1_0_, posts0_.created_date as created_2_0_, posts0_.modified_date as modified3_0_, posts0_.author as author4_0_, posts0_.content as content5_0_, posts0_.title as title6_0_ from posts posts0_
Hibernate: delete from posts where id=?
]]></system-out>
  <system-err><![CDATA[]]></system-err>
</testsuite>
